Info 0    [21:30:43.323] Starting TS Server
Info 1    [21:30:43.325] Version: 3.7.4
Info 2    [21:30:43.325] Arguments: /Users/keitasugiyama/.nodebrew/node/v11.13.0/bin/node /Users/keitasugiyama/Documents/React/react-navbar-dropdown-examples/node_modules/.bin/tsserver --logFile /Users/keitasugiyama/Documents/React/react-navbar-dropdown-examples/.log/tsserver.log --logVerbosity info --cancellationPipeName /private/var/folders/r3/nzgzjdtd5v5fb9kz7klpnnm40000gn/T/3a8cdb25f0ccd10f3121ead82aee1b3f/tscancellation*
Info 3    [21:30:43.325] Platform: darwin NodeVersion: 11 CaseSensitive: false
Info 4    [21:30:43.341] Search path: /Users/keitasugiyama/Documents/React/react-navbar-dropdown-examples/src
Info 5    [21:30:43.342] For info: /Users/keitasugiyama/Documents/React/react-navbar-dropdown-examples/src/example1.tsx :: Config file name: /Users/keitasugiyama/Documents/React/react-navbar-dropdown-examples/tsconfig.json
Info 6    [21:30:43.343] Opened configuration file /Users/keitasugiyama/Documents/React/react-navbar-dropdown-examples/tsconfig.json
Info 7    [21:30:43.363] Config: /Users/keitasugiyama/Documents/React/react-navbar-dropdown-examples/tsconfig.json : {
 "rootNames": [
  "/Users/keitasugiyama/Documents/React/react-navbar-dropdown-examples/src/app.tsx",
  "/Users/keitasugiyama/Documents/React/react-navbar-dropdown-examples/src/example1.tsx",
  "/Users/keitasugiyama/Documents/React/react-navbar-dropdown-examples/src/example2.tsx",
  "/Users/keitasugiyama/Documents/React/react-navbar-dropdown-examples/src/index.tsx",
  "/Users/keitasugiyama/Documents/React/react-navbar-dropdown-examples/src/react-app-env.d.ts",
  "/Users/keitasugiyama/Documents/React/react-navbar-dropdown-examples/src/serviceWorker.ts",
  "/Users/keitasugiyama/Documents/React/react-navbar-dropdown-examples/src/setupTests.ts"
 ],
 "options": {
  "target": 1,
  "lib": [
   "lib.dom.d.ts",
   "lib.dom.iterable.d.ts",
   "lib.esnext.d.ts"
  ],
  "allowJs": true,
  "skipLibCheck": true,
  "esModuleInterop": true,
  "allowSyntheticDefaultImports": true,
  "strict": true,
  "forceConsistentCasingInFileNames": true,
  "module": 99,
  "moduleResolution": 2,
  "resolveJsonModule": true,
  "isolatedModules": true,
  "noEmit": true,
  "jsx": 2,
  "configFilePath": "/Users/keitasugiyama/Documents/React/react-navbar-dropdown-examples/tsconfig.json"
 }
}
Info 8    [21:30:43.425] Starting updateGraphWorker: Project: /Users/keitasugiyama/Documents/React/react-navbar-dropdown-examples/tsconfig.json
Info 9    [21:30:45.300] Finishing updateGraphWorker: Project: /Users/keitasugiyama/Documents/React/react-navbar-dropdown-examples/tsconfig.json Version: 1 structureChanged: true Elapsed: 1874ms
Info 10   [21:30:45.301] Project '/Users/keitasugiyama/Documents/React/react-navbar-dropdown-examples/tsconfig.json' (Configured) 
Info 11   [21:30:45.301] 	Files (155)

Info 12   [21:30:45.301] -----------------------------------------------
Info 13   [21:10:34.634] Search path: /Users/keitasugiyama/Documents/React/react-navbar-dropdown-examples/src
Info 14   [21:10:34.639] For info: /Users/keitasugiyama/Documents/React/react-navbar-dropdown-examples/src/app.tsx :: Config file name: /Users/keitasugiyama/Documents/React/react-navbar-dropdown-examples/tsconfig.json
Info 15   [21:10:38.899] Starting updateGraphWorker: Project: /Users/keitasugiyama/Documents/React/react-navbar-dropdown-examples/tsconfig.json
Info 16   [21:10:38.944] Finishing updateGraphWorker: Project: /Users/keitasugiyama/Documents/React/react-navbar-dropdown-examples/tsconfig.json Version: 2 structureChanged: false Elapsed: 45ms
Info 17   [21:10:38.944] Different program with same set of files:: oldProgram.structureIsReused:: 2
Info 18   [21:10:38.981] DirectoryWatcher:: Triggered with /Users/keitasugiyama/Documents/React/react-navbar-dropdown-examples/src/.#app.tsx :: WatchInfo: /Users/keitasugiyama/Documents/React/react-navbar-dropdown-examples/src 1 Project: /Users/keitasugiyama/Documents/React/react-navbar-dropdown-examples/tsconfig.json WatchType: Wild card directory
Info 19   [21:10:38.982] Elapsed:: 1ms DirectoryWatcher:: Triggered with /Users/keitasugiyama/Documents/React/react-navbar-dropdown-examples/src/.#app.tsx :: WatchInfo: /Users/keitasugiyama/Documents/React/react-navbar-dropdown-examples/src 1 Project: /Users/keitasugiyama/Documents/React/react-navbar-dropdown-examples/tsconfig.json WatchType: Wild card directory
Info 20   [21:10:38.982] DirectoryWatcher:: Triggered with /Users/keitasugiyama/Documents/React/react-navbar-dropdown-examples/src/.#app.tsx :: WatchInfo: /Users/keitasugiyama/Documents/React/react-navbar-dropdown-examples/src 1 Project: /Users/keitasugiyama/Documents/React/react-navbar-dropdown-examples/tsconfig.json WatchType: Failed Lookup Locations
Info 21   [21:10:38.982] Elapsed:: 0ms DirectoryWatcher:: Triggered with /Users/keitasugiyama/Documents/React/react-navbar-dropdown-examples/src/.#app.tsx :: WatchInfo: /Users/keitasugiyama/Documents/React/react-navbar-dropdown-examples/src 1 Project: /Users/keitasugiyama/Documents/React/react-navbar-dropdown-examples/tsconfig.json WatchType: Failed Lookup Locations
Info 22   [21:10:39.777] Starting updateGraphWorker: Project: /Users/keitasugiyama/Documents/React/react-navbar-dropdown-examples/tsconfig.json
Info 23   [21:10:39.791] Finishing updateGraphWorker: Project: /Users/keitasugiyama/Documents/React/react-navbar-dropdown-examples/tsconfig.json Version: 3 structureChanged: false Elapsed: 14ms
Info 24   [21:10:39.791] Different program with same set of files:: oldProgram.structureIsReused:: 2
Info 25   [21:10:43.327] Starting updateGraphWorker: Project: /Users/keitasugiyama/Documents/React/react-navbar-dropdown-examples/tsconfig.json
Info 26   [21:10:43.335] Finishing updateGraphWorker: Project: /Users/keitasugiyama/Documents/React/react-navbar-dropdown-examples/tsconfig.json Version: 4 structureChanged: false Elapsed: 8ms
Info 27   [21:10:43.335] Different program with same set of files:: oldProgram.structureIsReused:: 2
Info 28   [21:10:44.855] DirectoryWatcher:: Triggered with /Users/keitasugiyama/Documents/React/react-navbar-dropdown-examples/src/.#app.tsx :: WatchInfo: /Users/keitasugiyama/Documents/React/react-navbar-dropdown-examples/src 1 Project: /Users/keitasugiyama/Documents/React/react-navbar-dropdown-examples/tsconfig.json WatchType: Wild card directory
Info 29   [21:10:44.856] Elapsed:: 1ms DirectoryWatcher:: Triggered with /Users/keitasugiyama/Documents/React/react-navbar-dropdown-examples/src/.#app.tsx :: WatchInfo: /Users/keitasugiyama/Documents/React/react-navbar-dropdown-examples/src 1 Project: /Users/keitasugiyama/Documents/React/react-navbar-dropdown-examples/tsconfig.json WatchType: Wild card directory
Info 30   [21:10:44.856] DirectoryWatcher:: Triggered with /Users/keitasugiyama/Documents/React/react-navbar-dropdown-examples/src/app.tsx :: WatchInfo: /Users/keitasugiyama/Documents/React/react-navbar-dropdown-examples/src 1 Project: /Users/keitasugiyama/Documents/React/react-navbar-dropdown-examples/tsconfig.json WatchType: Wild card directory
Info 31   [21:10:44.856] Elapsed:: 0ms DirectoryWatcher:: Triggered with /Users/keitasugiyama/Documents/React/react-navbar-dropdown-examples/src/app.tsx :: WatchInfo: /Users/keitasugiyama/Documents/React/react-navbar-dropdown-examples/src 1 Project: /Users/keitasugiyama/Documents/React/react-navbar-dropdown-examples/tsconfig.json WatchType: Wild card directory
Info 32   [21:10:44.856] DirectoryWatcher:: Triggered with /Users/keitasugiyama/Documents/React/react-navbar-dropdown-examples/src/.#app.tsx :: WatchInfo: /Users/keitasugiyama/Documents/React/react-navbar-dropdown-examples/src 1 Project: /Users/keitasugiyama/Documents/React/react-navbar-dropdown-examples/tsconfig.json WatchType: Failed Lookup Locations
Info 33   [21:10:44.856] Elapsed:: 0ms DirectoryWatcher:: Triggered with /Users/keitasugiyama/Documents/React/react-navbar-dropdown-examples/src/.#app.tsx :: WatchInfo: /Users/keitasugiyama/Documents/React/react-navbar-dropdown-examples/src 1 Project: /Users/keitasugiyama/Documents/React/react-navbar-dropdown-examples/tsconfig.json WatchType: Failed Lookup Locations
Info 34   [21:10:44.856] DirectoryWatcher:: Triggered with /Users/keitasugiyama/Documents/React/react-navbar-dropdown-examples/src/app.tsx :: WatchInfo: /Users/keitasugiyama/Documents/React/react-navbar-dropdown-examples/src 1 Project: /Users/keitasugiyama/Documents/React/react-navbar-dropdown-examples/tsconfig.json WatchType: Failed Lookup Locations
Info 35   [21:10:44.856] Elapsed:: 0ms DirectoryWatcher:: Triggered with /Users/keitasugiyama/Documents/React/react-navbar-dropdown-examples/src/app.tsx :: WatchInfo: /Users/keitasugiyama/Documents/React/react-navbar-dropdown-examples/src 1 Project: /Users/keitasugiyama/Documents/React/react-navbar-dropdown-examples/tsconfig.json WatchType: Failed Lookup Locations
